<?xml version="1.0" encoding="UTF-8"?>
<testng-results ignored="0" total="2" passed="2" failed="0" skipped="0">
  <reporter-output>
  </reporter-output>
  <suite started-at="2025-08-25T13:50:18 IST" name="Surefire suite" finished-at="2025-08-25T13:50:28 IST" duration-ms="10326">
    <groups>
    </groups>
    <test started-at="2025-08-25T13:50:18 IST" name="Surefire test" finished-at="2025-08-25T13:50:28 IST" duration-ms="10326">
      <class name="runner.MySeleniumTest">
        <test-method is-config="true" signature="setup()[pri:0, instance:runner.MySeleniumTest@43ee72e6]" started-at="2025-08-25T13:50:18 IST" name="setup" finished-at="2025-08-25T13:50:18 IST" duration-ms="270" status="PASS">
          <reporter-output>
          </reporter-output>
        </test-method> <!-- setup -->
        <test-method signature="loginTest()[pri:0, instance:runner.MySeleniumTest@43ee72e6]" started-at="2025-08-25T13:50:28 IST" name="loginTest" finished-at="2025-08-25T13:50:28 IST" duration-ms="2" status="PASS">
          <reporter-output>
          </reporter-output>
        </test-method> <!-- loginTest -->
        <test-method is-config="true" signature="tearDown()[pri:0, instance:runner.MySeleniumTest@43ee72e6]" started-at="2025-08-25T13:50:28 IST" name="tearDown" finished-at="2025-08-25T13:50:29 IST" duration-ms="314" status="PASS">
          <reporter-output>
          </reporter-output>
        </test-method> <!-- tearDown -->
      </class> <!-- runner.MySeleniumTest -->
      <class name="runner.GoogleSearchTest">
        <test-method is-config="true" signature="setup()[pri:0, instance:runner.GoogleSearchTest@5db45159]" started-at="2025-08-25T13:50:18 IST" name="setup" finished-at="2025-08-25T13:50:22 IST" duration-ms="4334" status="PASS">
          <reporter-output>
          </reporter-output>
        </test-method> <!-- setup -->
        <test-method signature="testGoogleSearchForMaven()[pri:0, instance:runner.GoogleSearchTest@5db45159]" started-at="2025-08-25T13:50:22 IST" name="testGoogleSearchForMaven" finished-at="2025-08-25T13:50:27 IST" duration-ms="4595" status="PASS">
          <reporter-output>
          </reporter-output>
        </test-method> <!-- testGoogleSearchForMaven -->
        <test-method is-config="true" signature="teardown()[pri:0, instance:runner.GoogleSearchTest@5db45159]" started-at="2025-08-25T13:50:27 IST" name="teardown" finished-at="2025-08-25T13:50:28 IST" duration-ms="1348" status="PASS">
          <reporter-output>
          </reporter-output>
        </test-method> <!-- teardown -->
      </class> <!-- runner.GoogleSearchTest -->
    </test> <!-- Surefire test -->
  </suite> <!-- Surefire suite -->
</testng-results>
